[html.merku.love/axial/index.html]
[backblue.gif]
[fade.gif]
[index.html]
[html.merku.love/axial/css/preload.min.css]
[html.merku.love/axial/css/icomoon.css]
[html.merku.love/axial/css/libs.min.css]
[html.merku.love/axial/css/index.min.css]
[html.merku.love/axial/css/floatbutton.min.css]
[html.merku.love/axial/svg/logo.svg]
[html.merku.love/axial/index2.html]
[html.merku.love/axial/about.html]
[html.merku.love/axial/services.html]
[html.merku.love/axial/single-service.html]
[html.merku.love/axial/team.html]
[html.merku.love/axial/projects.html]
[html.merku.love/axial/projects2.html]
[html.merku.love/axial/single-project.html]
[html.merku.love/axial/blog.html]
[html.merku.love/axial/blog2.html]
[html.merku.love/axial/single-post.html]
[html.merku.love/axial/contacts.html]
[html.merku.love/axial/contacts2.html]
[html.merku.love/axial/faq.html]
[html.merku.love/axial/gallery-grid.html]
[html.merku.love/axial/gallery-masonry.html]
[html.merku.love/axial/404.html]
[html.merku.love/axial/img/plan.png]
[html.merku.love/axial/img/building.png]
[html.merku.love/axial/img/building_mini.png]
[html.merku.love/axial/img/projects/01.jpg]
[html.merku.love/axial/img/projects/02.jpg]
[html.merku.love/axial/img/projects/03.jpg]
[html.merku.love/axial/img/projects/04.jpg]
[html.merku.love/axial/svg/map.svg]
[html.merku.love/axial/img/video/01.jpg]
[html.merku.love/axial/video/full.mp4]
[html.merku.love/axial/img/avatars/founder.jpg]
[html.merku.love/axial/img/blog/01.jpg]
[html.merku.love/axial/img/blog/02.jpg]
[html.merku.love/axial/img/blog/03.jpg]
[html.merku.love/axial/img/gallery/10full.jpg]
[html.merku.love/axial/img/gallery/10.jpg]
[html.merku.love/axial/img/gallery/08full.jpg]
[html.merku.love/axial/img/gallery/08.jpg]
[html.merku.love/axial/img/gallery/02full.jpg]
[html.merku.love/axial/img/gallery/02.jpg]
[html.merku.love/axial/img/gallery/09full.jpg]
[html.merku.love/axial/img/gallery/09.jpg]
[html.merku.love/axial/js/common.min.js]
[html.merku.love/axial/js/index.min.js]
[html.merku.love/axial/index.html]
[html.merku.love/axial/js/demo.min.js]
[html.merku.love/axial/fonts/Archivo/Archivo-Medium.woff]
[html.merku.love/axial/fonts/Archivo/Archivo-SemiBold.woff]
[html.merku.love/axial/fonts/Archivo/Archivo-Bold.woff]
[html.merku.love/axial/fonts/Archivo/Archivo-ExtraBold.woff]
[html.merku.love/axial/fonts/Roboto/Roboto-Regular.woff]
[html.merku.love/axial/fonts/Roboto/Roboto-Bold.woff]
[html.merku.love/axial/css/preload.min.css]
[html.merku.love/axial/fonts/icomoon/icomoon.woff]
[html.merku.love/axial/css/icomoon.css]
[html.merku.love/axial/css/libs.min.css]
[html.merku.love/axial/css/index.min.css]
[html.merku.love/axial/css/floatbutton.min.css]
[html.merku.love/axial/svg/logo.svg]
[html.merku.love/axial/css/index2.min.css]
[html.merku.love/axial/img/hero/thumb01.jpg]
[html.merku.love/axial/img/hero/thumb02.jpg]
[html.merku.love/axial/img/hero/thumb03.jpg]
[html.merku.love/axial/img/hero/thumb04.jpg]
[html.merku.love/axial/img/hero/thumb05.jpg]
[html.merku.love/axial/img/hero/thumb06.jpg]
[html.merku.love/axial/img/hero/thumb07.jpg]
[html.merku.love/axial/img/hero/thumb08.jpg]
[html.merku.love/axial/img/hero/thumb09.jpg]
[html.merku.love/axial/img/hero/thumb10.jpg]
[html.merku.love/axial/svg/remedy.svg]
[html.merku.love/axial/svg/brickblock.svg]
[html.merku.love/axial/svg/stateofdesign.svg]
[html.merku.love/axial/svg/arup.svg]
[html.merku.love/axial/svg/fluor.svg]
[html.merku.love/axial/img/gallery/18.jpg]
[html.merku.love/axial/img/gallery/03full.jpg]
[html.merku.love/axial/img/gallery/03.jpg]
[html.merku.love/axial/img/gallery/06full.jpg]
[html.merku.love/axial/img/gallery/06.jpg]
[html.merku.love/axial/img/gallery/05full.jpg]
[html.merku.love/axial/img/gallery/05.jpg]
[html.merku.love/axial/img/gallery/01full.jpg]
[html.merku.love/axial/img/gallery/01.jpg]
[html.merku.love/axial/img/avatars/female01.jpg]
[html.merku.love/axial/img/avatars/male01.jpg]
[html.merku.love/axial/img/avatars/female02.jpg]
[html.merku.love/axial/img/avatars/male02.jpg]
[html.merku.love/axial/img/avatars/female03.jpg]
[html.merku.love/axial/index2.html]
[html.merku.love/axial/js/index2.min.js]
[html.merku.love/axial/css/about.min.css]
[html.merku.love/axial/img/about/01.jpg]
[html.merku.love/axial/img/tabs/01.jpg]
[html.merku.love/axial/img/tabs/02.jpg]
[html.merku.love/axial/img/tabs/03.jpg]
[html.merku.love/axial/img/tabs/04.jpg]
[html.merku.love/axial/img/tabs/05.jpg]
[html.merku.love/axial/img/tabs/06.jpg]
[html.merku.love/axial/img/video/02.jpg]
[html.merku.love/axial/about.html]
[html.merku.love/axial/js/about.min.js]
[html.merku.love/axial/css/services.min.css]
[html.merku.love/axial/img/video/03.jpg]
[html.merku.love/axial/img/about/02.jpg]
[html.merku.love/axial/img/about/03.jpg]
[html.merku.love/axial/services.html]
[html.merku.love/axial/js/services.min.js]
[html.merku.love/axial/css/single-service.min.css]
[html.merku.love/axial/single-service.html]
[html.merku.love/axial/js/singleservice.min.js]
[html.merku.love/axial/css/team.min.css]
[html.merku.love/axial/img/team/01.jpg]
[html.merku.love/axial/img/team/02.jpg]
[html.merku.love/axial/img/team/03.jpg]
[html.merku.love/axial/img/team/04.jpg]
[html.merku.love/axial/img/team/05.jpg]
[html.merku.love/axial/team.html]
[html.merku.love/axial/img/team/06.jpg]
[html.merku.love/axial/css/projects.min.css]
[html.merku.love/axial/img/projects/05.jpg]
[html.merku.love/axial/img/projects/06.jpg]
[html.merku.love/axial/img/projects/07.jpg]
[html.merku.love/axial/projects.html]
[html.merku.love/axial/css/projects2.min.css]
[html.merku.love/axial/img/projects/08.jpg]
[html.merku.love/axial/projects2.html]
[html.merku.love/axial/img/projects/09.jpg]
[html.merku.love/axial/css/single-project.min.css]
[html.merku.love/axial/img/singleproject.jpg]
[html.merku.love/axial/single-project.html]
[html.merku.love/axial/js/singleproject.min.js]
[html.merku.love/axial/css/blog.min.css]
[html.merku.love/axial/img/blog/04.jpg]
[html.merku.love/axial/img/blog/05.jpg]
[html.merku.love/axial/img/blog/06.jpg]
[html.merku.love/axial/img/blog/07.jpg]
[html.merku.love/axial/img/blog/08.jpg]
[html.merku.love/axial/img/blog/09.jpg]
[html.merku.love/axial/img/blog/10.jpg]
[html.merku.love/axial/img/blog/11.jpg]
[html.merku.love/axial/img/blog/12.jpg]
[html.merku.love/axial/img/blog/17.jpg]
[html.merku.love/axial/blog.html]
[html.merku.love/axial/blog2.html]
[html.merku.love/axial/css/blog2.min.css]
[html.merku.love/axial/css/single-post.min.css]
[html.merku.love/axial/img/avatars/author.jpg]
[html.merku.love/axial/single-post.html]
[html.merku.love/axial/css/contacts.min.css]
[html.merku.love/axial/contacts.html]
[html.merku.love/axial/js/map.min.js]
[html.merku.love/axial/contacts2.html]
[html.merku.love/axial/css/contacts2.min.css]
[html.merku.love/axial/css/faq.min.css]
[html.merku.love/axial/faq.html]
[html.merku.love/axial/js/faq.min.js]
[html.merku.love/axial/css/gallery-grid.min.css]
[html.merku.love/axial/img/gallery/04full.jpg]
[html.merku.love/axial/img/gallery/04.jpg]
[html.merku.love/axial/img/gallery/07full.jpg]
[html.merku.love/axial/img/gallery/07.jpg]
[html.merku.love/axial/img/gallery/11full.jpg]
[html.merku.love/axial/img/gallery/11.jpg]
[html.merku.love/axial/img/gallery/12full.jpg]
[html.merku.love/axial/img/gallery/12.jpg]
[html.merku.love/axial/gallery-grid.html]
[html.merku.love/axial/css/gallery-masonry.min.css]
[html.merku.love/axial/img/gallery/13full.jpg]
[html.merku.love/axial/img/gallery/13.jpg]
[html.merku.love/axial/img/gallery/15full.jpg]
[html.merku.love/axial/img/gallery/15.jpg]
[html.merku.love/axial/img/gallery/14full.jpg]
[html.merku.love/axial/img/gallery/14.jpg]
[html.merku.love/axial/img/gallery/16full.jpg]
[html.merku.love/axial/img/gallery/16.jpg]
[html.merku.love/axial/img/gallery/17full.jpg]
[html.merku.love/axial/img/gallery/17.jpg]
[html.merku.love/axial/img/gallery/18full.jpg]
[html.merku.love/axial/gallery-masonry.html]
[html.merku.love/axial/js/masonry.min.js]
[html.merku.love/axial/404.html]
[html.merku.love/axial/svg/map.svg]
[html.merku.love/axial/fonts/Roboto/Roboto-Medium.woff]
[html.merku.love/axial/css/error.min.css]
[html.merku.love/axial/img/hero/01.jpg]
[html.merku.love/axial/css/index2.min.css]
[html.merku.love/axial/svg/remedy.svg]
[html.merku.love/axial/svg/brickblock.svg]
[html.merku.love/axial/svg/stateofdesign.svg]
[html.merku.love/axial/svg/arup.svg]
[html.merku.love/axial/svg/fluor.svg]
[html.merku.love/axial/css/about.min.css]
[html.merku.love/axial/css/services.min.css]
[html.merku.love/axial/css/single-service.min.css]
[html.merku.love/axial/css/team.min.css]
[html.merku.love/axial/css/projects.min.css]
[html.merku.love/axial/css/projects2.min.css]
[html.merku.love/axial/css/single-project.min.css]
[html.merku.love/axial/css/blog.min.css]
[html.merku.love/axial/css/blog2.min.css]
[html.merku.love/axial/css/single-post.min.css]
[html.merku.love/axial/css/contacts.min.css]
[html.merku.love/axial/css/contacts2.min.css]
[html.merku.love/axial/css/faq.min.css]
[html.merku.love/axial/css/gallery-grid.min.css]
[html.merku.love/axial/css/gallery-masonry.min.css]
[html.merku.love/axial/css/error.min.css]
[html.merku.love/axial/fonts/Roboto/Roboto-Medium.woff2]
[html.merku.love/axial/img/404.jpg]
